Determining if the pthread_create exist failed with the following output:
Change Dir: /home/happens/coding/game/build/CMakeFiles/CMakeTmp

Run Build Command:"/usr/bin/make" "cmTC_653da/fast"
/usr/bin/make -f CMakeFiles/cmTC_653da.dir/build.make CMakeFiles/cmTC_653da.dir/build
make[1]: Entering directory '/home/happens/coding/game/build/CMakeFiles/CMakeTmp'
Building C object CMakeFiles/cmTC_653da.dir/CheckSymbolExists.c.o
/usr/bin/cc    -o CMakeFiles/cmTC_653da.dir/CheckSymbolExists.c.o   -c /home/happens/coding/game/build/CMakeFiles/CMakeTmp/CheckSymbolExists.c
Linking C executable cmTC_653da
/usr/bin/cmake -E cmake_link_script CMakeFiles/cmTC_653da.dir/link.txt --verbose=1
/usr/bin/cc      -rdynamic CMakeFiles/cmTC_653da.dir/CheckSymbolExists.c.o  -o cmTC_653da 
CMakeFiles/cmTC_653da.dir/CheckSymbolExists.c.o: In function `main':
CheckSymbolExists.c:(.text+0x1b): undefined reference to `pthread_create'
collect2: error: ld returned 1 exit status
make[1]: *** [CMakeFiles/cmTC_653da.dir/build.make:98: cmTC_653da] Error 1
make[1]: Leaving directory '/home/happens/coding/game/build/CMakeFiles/CMakeTmp'
make: *** [Makefile:126: cmTC_653da/fast] Error 2

File /home/happens/coding/game/build/CMakeFiles/CMakeTmp/CheckSymbolExists.c:
/* */
#include <pthread.h>

int main(int argc, char** argv)
{
  (void)argv;
#ifndef pthread_create
  return ((int*)(&pthread_create))[argc];
#else
  (void)argc;
  return 0;
#endif
}

Determining if the function pthread_create exists in the pthreads failed with the following output:
Change Dir: /home/happens/coding/game/build/CMakeFiles/CMakeTmp

Run Build Command:"/usr/bin/make" "cmTC_793bb/fast"
/usr/bin/make -f CMakeFiles/cmTC_793bb.dir/build.make CMakeFiles/cmTC_793bb.dir/build
make[1]: Entering directory '/home/happens/coding/game/build/CMakeFiles/CMakeTmp'
Building C object CMakeFiles/cmTC_793bb.dir/CheckFunctionExists.c.o
/usr/bin/cc   -DCHECK_FUNCTION_EXISTS=pthread_create   -o CMakeFiles/cmTC_793bb.dir/CheckFunctionExists.c.o   -c /usr/share/cmake-3.10/Modules/CheckFunctionExists.c
Linking C executable cmTC_793bb
/usr/bin/cmake -E cmake_link_script CMakeFiles/cmTC_793bb.dir/link.txt --verbose=1
/usr/bin/cc  -DCHECK_FUNCTION_EXISTS=pthread_create    -rdynamic CMakeFiles/cmTC_793bb.dir/CheckFunctionExists.c.o  -o cmTC_793bb -lpthreads 
/usr/bin/ld: cannot find -lpthreads
collect2: error: ld returned 1 exit status
make[1]: *** [CMakeFiles/cmTC_793bb.dir/build.make:98: cmTC_793bb] Error 1
make[1]: Leaving directory '/home/happens/coding/game/build/CMakeFiles/CMakeTmp'
make: *** [Makefile:126: cmTC_793bb/fast] Error 2


